<?xml version="1.0" encoding="UTF-8" ?>
<testsuite failures="0" time="3.812" errors="0" skipped="0" tests="1" name="com.batch.BatchTest">
  <properties>
    <property name="java.vm.vendor.url.bug" value="http://download.oracle.com/docs/cd/E15289_01/go2troubleshooting.html"/>
    <property name="java.runtime.name" value="Java(TM) SE Runtime Environment"/>
    <property name="sun.boot.library.path" value="d:\Apps\DWLS1035\bea\jrockit-jdk1.6.0_29-R28.1.5-4.0.1\jre\bin"/>
    <property name="java.vm.version" value="R28.1.5-20-146757-1.6.0_29-20111004-1748-windows-ia32"/>
    <property name="java.vm.vendor" value="Oracle Corporation"/>
    <property name="java.vendor.url" value="http://www.oracle.com/"/>
    <property name="path.separator" value=";"/>
    <property name="guice.disable.misplaced.annotation.check" value="true"/>
    <property name="java.vm.name" value="Oracle JRockit(R)"/>
    <property name="file.encoding.pkg" value="sun.io"/>
    <property name="user.country" value="FR"/>
    <property name="sun.java.launcher" value="SUN_STANDARD"/>
    <property name="sun.os.patch.level" value="Service Pack 1"/>
    <property name="java.vm.vendor.url" value="http://www.oracle.com/"/>
    <property name="java.vm.specification.name" value="Java Virtual Machine Specification"/>
    <property name="user.dir" value="c:\Users\a389216\Desktop\GitHub\spring-boot-classpath-sample"/>
    <property name="java.runtime.version" value="1.6.0_29-b11"/>
    <property name="java.awt.graphicsenv" value="sun.awt.Win32GraphicsEnvironment"/>
    <property name="java.endorsed.dirs" value="d:\Apps\DWLS1035\bea\jrockit-jdk1.6.0_29-R28.1.5-4.0.1\jre\lib\endorsed"/>
    <property name="os.arch" value="x86"/>
    <property name="java.io.tmpdir" value="C:\Users\a389216\AppData\Local\Temp\"/>
    <property name="line.separator" value="
"/>
    <property name="java.vm.specification.vendor" value="Sun Microsystems Inc."/>
    <property name="user.variant" value=""/>
    <property name="os.name" value="Windows 7"/>
    <property name="classworlds.conf" value="c:/HOMEWARE/apache/maven/3.0.5/bin/m2.conf"/>
    <property name="sun.jnu.encoding" value="Cp1252"/>
    <property name="java.library.path" value="d:\Apps\DWLS1035\bea\jrockit-jdk1.6.0_29-R28.1.5-4.0.1\bin;C:\windows\system32;C:\windows;c:\Users\a389216\home\bin;.;D:\Apps\Git\local\bin;D:\Apps\Git\mingw\bin;D:\Apps\Git\bin;c:\Program Files (x86)\IBM\RationalSDLC\common;c:\windows\system32;c:\windows;c:\windows\System32\Wbem;c:\windows\System32\WindowsPowerShell\v1.0\;c:\Program Files\Axalto\Access Client\v5\;c:\Program Files (x86)\Gemalto\Access Client\v5\;d:\Apps\DWLS1035\bea\jrockit-jdk1.6.0_29-R28.1.5-4.0.1\bin;d:\x113984\Apps\NodeJS\;%ANT_HOME%\bin;c:\Program Files (x86)\IBM\RationalSDLC\ClearCase\bin;c:\Program Files (x86)\IBM\gsk8\lib;c:\Program Files (x86)\IBM\gsk8\bin;d:\Apps\NodeJS\;d:\Apps\TortoiseGit\bin;c:\HOMEWARE\apache\maven\3.0.5\bin;c:\Users\a389216\AppData\Roaming\npm;."/>
    <property name="java.specification.name" value="Java Platform API Specification"/>
    <property name="java.class.version" value="50.0"/>
    <property name="sun.management.compiler" value="Oracle JRockit(R) Optimizing Compiler"/>
    <property name="os.version" value="6.1"/>
    <property name="user.home" value="C:\Users\a389216\home"/>
    <property name="user.timezone" value="Europe/Paris"/>
    <property name="java.awt.printerjob" value="sun.awt.windows.WPrinterJob"/>
    <property name="java.specification.version" value="1.6"/>
    <property name="file.encoding" value="Cp1252"/>
    <property name="user.name" value="a389216"/>
    <property name="java.class.path" value="c:/HOMEWARE/apache/maven/3.0.5/boot/plexus-classworlds-2.4.jar"/>
    <property name="java.vm.specification.version" value="1.0"/>
    <property name="sun.arch.data.model" value="32"/>
    <property name="java.home" value="d:\Apps\DWLS1035\bea\jrockit-jdk1.6.0_29-R28.1.5-4.0.1\jre"/>
    <property name="sun.java.command" value="org.codehaus.plexus.classworlds.launcher.Launcher clean package"/>
    <property name="java.specification.vendor" value="Sun Microsystems Inc."/>
    <property name="user.language" value="fr"/>
    <property name="awt.toolkit" value="sun.awt.windows.WToolkit"/>
    <property name="java.vm.info" value="compiled mode"/>
    <property name="java.version" value="1.6.0_29"/>
    <property name="java.ext.dirs" value="d:\Apps\DWLS1035\bea\jrockit-jdk1.6.0_29-R28.1.5-4.0.1\jre\lib\ext"/>
    <property name="kernel.download.enabled" value="false"/>
    <property name="env.WL_HOME" value="D:\Apps\DWLS1035\bea\wlserver_10.3"/>
    <property name="sun.boot.class.path" value="d:\Apps\DWLS1035\bea\jrockit-jdk1.6.0_29-R28.1.5-4.0.1\jre\lib\resources.jar;d:\Apps\DWLS1035\bea\jrockit-jdk1.6.0_29-R28.1.5-4.0.1\jre\lib\rt.jar;d:\Apps\DWLS1035\bea\jrockit-jdk1.6.0_29-R28.1.5-4.0.1\jre\lib\sunrsasign.jar;d:\Apps\DWLS1035\bea\jrockit-jdk1.6.0_29-R28.1.5-4.0.1\jre\lib\jsse.jar;d:\Apps\DWLS1035\bea\jrockit-jdk1.6.0_29-R28.1.5-4.0.1\jre\lib\jce.jar;d:\Apps\DWLS1035\bea\jrockit-jdk1.6.0_29-R28.1.5-4.0.1\jre\lib\charsets.jar;d:\Apps\DWLS1035\bea\jrockit-jdk1.6.0_29-R28.1.5-4.0.1\jre\classes"/>
    <property name="java.vendor" value="Oracle Corporation"/>
    <property name="maven.home" value="c:\HOMEWARE\apache\maven\3.0.5"/>
    <property name="file.separator" value="\"/>
    <property name="java.vendor.url.bug" value="http://download.oracle.com/docs/cd/E15289_01/go2troubleshooting.html"/>
    <property name="sun.cpu.endian" value="little"/>
    <property name="sun.io.unicode.encoding" value="UnicodeLittle"/>
    <property name="sun.desktop" value="windows"/>
    <property name="sun.cpu.isalist" value="pentium_pro+mmx pentium_pro pentium+mmx pentium i486 i386 i86"/>
  </properties>
  <testcase time="3.45" classname="com.batch.BatchTest" name="test"/>
</testsuite>